
------------------------
2020.02.13 17:48:32
webform
Array
(
    [first_name] => Лидия
    [last_name] => Черевко
    [phone] => +79133140981
    [saved] => yes
)

------------------------

------------------------
2020.02.13 17:48:35
webform result
Array
(
    [error] => INVALID_CREDENTIALS
    [error_description] => Invalid request credentials
)

------------------------

------------------------
2020.02.13 17:48:45
webform
Array
(
    [first_name] => Лидия
    [last_name] => Черевко
    [phone] => +79133140981
    [saved] => yes
)

------------------------

------------------------
2020.02.13 17:48:46
webform result
Array
(
    [error] => INVALID_CREDENTIALS
    [error_description] => Invalid request credentials
)

------------------------

------------------------
2020.02.22 5:04:12
webform
Array
(
    [first_name] => Алексей
    [last_name] => Черевко
    [phone] => +79511874453
    [saved] => yes
)

------------------------

------------------------
2020.02.22 5:04:15
webform result
Array
(
    [error] => INVALID_CREDENTIALS
    [error_description] => Invalid request credentials
)

------------------------

------------------------
2020.02.22 5:05:20
webform
Array
(
    [first_name] => Алексей
    [last_name] => Черевко
    [phone] => +79511874453
    [saved] => yes
)

------------------------

------------------------
2020.02.22 5:05:21
webform result
Array
(
    [error] => INVALID_CREDENTIALS
    [error_description] => Invalid request credentials
)

------------------------

------------------------
2020.02.22 5:21:04
webform
Array
(
    [first_name] => Алексей
    [last_name] => Черевко
    [phone] => +79511874453
    [saved] => yes
)

------------------------

------------------------
2020.02.22 5:21:05
webform result
Array
(
    [error] => INVALID_CREDENTIALS
    [error_description] => Invalid request credentials
)

------------------------

------------------------
2020.02.22 5:21:08
webform
Array
(
    [first_name] => Алексей
    [last_name] => Черевко
    [phone] => +79511874453
    [saved] => yes
)

------------------------

------------------------
2020.02.22 5:21:10
webform result
Array
(
    [error] => INVALID_CREDENTIALS
    [error_description] => Invalid request credentials
)

------------------------

------------------------
2020.02.22 5:21:12
webform
Array
(
    [first_name] => Алексей
    [last_name] => Черевко
    [phone] => +79511874453
    [saved] => yes
)

------------------------

------------------------
2020.02.22 5:21:13
webform result
Array
(
    [error] => INVALID_CREDENTIALS
    [error_description] => Invalid request credentials
)

------------------------

------------------------
2020.02.22 5:23:02
webform
Array
(
    [first_name] => Алексей
    [last_name] => Черевко
    [phone] => +79511874453
    [saved] => yes
)

------------------------

------------------------
2020.02.22 5:23:02
webform result
Array
(
    [error] => ERROR_METHOD_NOT_FOUND
    [error_description] => Method not found!
)

------------------------

------------------------
2020.02.22 5:23:06
webform
Array
(
    [first_name] => Алексей
    [last_name] => Черевко
    [phone] => +79511874453
    [saved] => yes
)

------------------------

------------------------
2020.02.22 5:23:06
webform
Array
(
    [first_name] => Алексей
    [last_name] => Черевко
    [phone] => +79511874453
    [saved] => yes
)

------------------------

------------------------
2020.02.22 5:23:06
webform result
Array
(
    [error] => ERROR_METHOD_NOT_FOUND
    [error_description] => Method not found!
)

------------------------

------------------------
2020.02.22 5:23:06
webform result
Array
(
    [error] => ERROR_METHOD_NOT_FOUND
    [error_description] => Method not found!
)

------------------------

------------------------
2020.02.22 5:26:35
webform
Array
(
    [first_name] => Алексей
    [last_name] => Черевко
    [phone] => +79511874453
    [saved] => yes
)

------------------------

------------------------
2020.02.22 5:26:37
webform result
Array
(
    [result] => 1
    [time] => Array
        (
            [start] => 1582338396.6584
            [finish] => 1582338397.4166
            [duration] => 0.75819706916809
            [processing] => 0.72815489768982
            [date_start] => 2020-02-22T05:26:36+03:00
            [date_finish] => 2020-02-22T05:26:37+03:00
        )

)

------------------------

------------------------
2020.02.22 5:26:41
webform
Array
(
    [first_name] => Алексей
    [last_name] => Черевко
    [phone] => +79511874453
    [saved] => yes
)

------------------------

------------------------
2020.02.22 5:26:41
webform result
Array
(
    [result] => 3
    [time] => Array
        (
            [start] => 1582338402.3744
            [finish] => 1582338402.6496
            [duration] => 0.27517294883728
            [processing] => 0.24853491783142
            [date_start] => 2020-02-22T05:26:42+03:00
            [date_finish] => 2020-02-22T05:26:42+03:00
        )

)

------------------------

------------------------
2020.02.22 17:38:37
webform
Array
(
    [first_name] => Алексей
    [last_name] => Черевко
    [phone] => +79511874453
    [saved] => yes
)

------------------------

------------------------
2020.02.22 17:38:44
webform result
Array
(
    [result] => 5
    [time] => Array
        (
            [start] => 1582382324.868
            [finish] => 1582382325.4397
            [duration] => 0.57173299789429
            [processing] => 0.53729605674744
            [date_start] => 2020-02-22T17:38:44+03:00
            [date_finish] => 2020-02-22T17:38:45+03:00
        )

)

------------------------

------------------------
2020.02.22 17:38:49
webform
Array
(
    [first_name] => Алексей
    [last_name] => Черевко
    [phone] => +79511874453
    [saved] => yes
)

------------------------

------------------------
2020.02.22 17:38:50
webform result
Array
(
    [result] => 7
    [time] => Array
        (
            [start] => 1582382332.2568
            [finish] => 1582382332.5215
            [duration] => 0.26468586921692
            [processing] => 0.24641919136047
            [date_start] => 2020-02-22T17:38:52+03:00
            [date_finish] => 2020-02-22T17:38:52+03:00
        )

)

------------------------

------------------------
2020.02.22 17:40:16
webform
Array
(
    [first_name] => Алексей
    [last_name] => Черевко
    [phone] => +79511874453
    [saved] => yes
)

------------------------

------------------------
2020.02.22 17:40:18
webform result
Array
(
    [result] => 9
    [time] => Array
        (
            [start] => 1582382419.7689
            [finish] => 1582382420.0478
            [duration] => 0.27886390686035
            [processing] => 0.2522349357605
            [date_start] => 2020-02-22T17:40:19+03:00
            [date_finish] => 2020-02-22T17:40:20+03:00
        )

)

------------------------

------------------------
2020.02.22 17:40:21
webform
Array
(
    [first_name] => Алексей
    [last_name] => Черевко
    [phone] => +79511874453
    [saved] => yes
)

------------------------

------------------------
2020.02.22 17:40:22
webform result
Array
(
    [result] => 11
    [time] => Array
        (
            [start] => 1582382424.0457
            [finish] => 1582382424.3171
            [duration] => 0.27136492729187
            [processing] => 0.24895977973938
            [date_start] => 2020-02-22T17:40:24+03:00
            [date_finish] => 2020-02-22T17:40:24+03:00
        )

)

------------------------

------------------------
2020.02.22 17:44:20
webform
Array
(
    [first_name] => Алексей
    [last_name] => Черевко
    [phone] => +79511874453
    [saved] => yes
)

------------------------

------------------------
2020.02.22 17:44:20
webform result
Array
(
    [result] => 13
    [time] => Array
        (
            [start] => 1582382662.4263
            [finish] => 1582382662.7084
            [duration] => 0.28218722343445
            [processing] => 0.26180195808411
            [date_start] => 2020-02-22T17:44:22+03:00
            [date_finish] => 2020-02-22T17:44:22+03:00
        )

)

------------------------

------------------------
2020.02.22 17:44:59
webform
Array
(
    [first_name] => Алексей
    [last_name] => Черевко
    [phone] => +79511874453
    [saved] => yes
)

------------------------

------------------------
2020.02.22 17:44:59
webform result
Array
(
    [result] => 15
    [time] => Array
        (
            [start] => 1582382701.2269
            [finish] => 1582382701.6238
            [duration] => 0.39687705039978
            [processing] => 0.37754201889038
            [date_start] => 2020-02-22T17:45:01+03:00
            [date_finish] => 2020-02-22T17:45:01+03:00
        )

)

------------------------

------------------------
2020.02.23 8:43:04
webform
Array
(
    [first_name] => Виктор
    [last_name] => 
    [phone] => 
    [saved] => yes
)

------------------------

------------------------
2020.02.23 8:43:10
webform result
Array
(
    [result] => 17
    [time] => Array
        (
            [start] => 1582436588.9615
            [finish] => 1582436589.8969
            [duration] => 0.93541407585144
            [processing] => 0.89751815795898
            [date_start] => 2020-02-23T08:43:08+03:00
            [date_finish] => 2020-02-23T08:43:09+03:00
        )

)

------------------------

------------------------
2020.02.23 8:43:34
webform
Array
(
    [first_name] => Виктор
    [last_name] => Середняков
    [phone] => 365845
    [saved] => yes
)

------------------------

------------------------
2020.02.23 8:43:35
webform result
Array
(
    [result] => 19
    [time] => Array
        (
            [start] => 1582436615.0509
            [finish] => 1582436615.2907
            [duration] => 0.23982310295105
            [processing] => 0.21832394599915
            [date_start] => 2020-02-23T08:43:35+03:00
            [date_finish] => 2020-02-23T08:43:35+03:00
        )

)

------------------------

------------------------
2020.02.23 8:45:03
webform
Array
(
    [first_name] => Виктор
    [last_name] => Середняков
    [phone] => 365845
    [saved] => yes
)

------------------------

------------------------
2020.02.23 8:45:06
webform result
Array
(
    [result] => 21
    [time] => Array
        (
            [start] => 1582436706.5929
            [finish] => 1582436706.8657
            [duration] => 0.27284097671509
            [processing] => 0.24383902549744
            [date_start] => 2020-02-23T08:45:06+03:00
            [date_finish] => 2020-02-23T08:45:06+03:00
        )

)

------------------------

------------------------
2020.02.23 8:47:25
webform
Array
(
    [first_name] => Виктор
    [last_name] => Середняков
    [phone] => 365845
    [saved] => yes
)

------------------------

------------------------
2020.02.23 8:47:26
webform result
Array
(
    [result] => 23
    [time] => Array
        (
            [start] => 1582436846.2356
            [finish] => 1582436846.4812
            [duration] => 0.24558997154236
            [processing] => 0.22332096099854
            [date_start] => 2020-02-23T08:47:26+03:00
            [date_finish] => 2020-02-23T08:47:26+03:00
        )

)

------------------------

------------------------
2020.02.23 8:48:10
webform
Array
(
    [first_name] => Виктор
    [last_name] => Середняков
    [phone] => 365845
    [saved] => yes
)

------------------------

------------------------
2020.02.23 8:48:11
webform result
Array
(
    [result] => 25
    [time] => Array
        (
            [start] => 1582436891.0758
            [finish] => 1582436891.2905
            [duration] => 0.21470999717712
            [processing] => 0.19312191009521
            [date_start] => 2020-02-23T08:48:11+03:00
            [date_finish] => 2020-02-23T08:48:11+03:00
        )

)

------------------------

------------------------
2020.02.23 8:49:36
webform
Array
(
    [first_name] => Виктор
    [last_name] => Середняков
    [phone] => 365845
    [saved] => yes
)

------------------------

------------------------
2020.02.23 8:49:37
webform result
Array
(
    [result] => 27
    [time] => Array
        (
            [start] => 1582436977.0259
            [finish] => 1582436977.2787
            [duration] => 0.25278902053833
            [processing] => 0.2312490940094
            [date_start] => 2020-02-23T08:49:37+03:00
            [date_finish] => 2020-02-23T08:49:37+03:00
        )

)

------------------------

------------------------
2020.02.23 9:31:49
webform
Array
(
    [first_name] => Виктор
    [last_name] => Середняков
    [phone] => 365845
    [saved] => yes
)

------------------------

------------------------
2020.02.23 9:31:50
webform result
Array
(
    [result] => 29
    [time] => Array
        (
            [start] => 1582439510.1878
            [finish] => 1582439510.4914
            [duration] => 0.30365681648254
            [processing] => 0.27396702766418
            [date_start] => 2020-02-23T09:31:50+03:00
            [date_finish] => 2020-02-23T09:31:50+03:00
        )

)

------------------------

------------------------
2020.02.23 9:32:03
webform
Array
(
    [first_name] => Лидия
    [last_name] => Черевко
    [phone] => +89511874453
    [email] => cherevkoalexey1976@mail.ru
    [saved] => yes
)

------------------------

------------------------
2020.02.23 9:32:05
webform result
Array
(
    [result] => 31
    [time] => Array
        (
            [start] => 1582439525.5799
            [finish] => 1582439525.8408
            [duration] => 0.2609338760376
            [processing] => 0.23919892311096
            [date_start] => 2020-02-23T09:32:05+03:00
            [date_finish] => 2020-02-23T09:32:05+03:00
        )

)

------------------------
